app/build/intermediates/manifest_merge_blame_file/debug/processDebugMainManifest/manifest-merger-blame-debug-report.txt
1<?xml version="1.0" encoding="utf-8"?>
2<manifest xmlns:android="http://schemas.android.com/apk/res/android"
3    package="com.example.gateway"
4    android:versionCode="1"
5    android:versionName="0.1" >
6
7    <uses-sdk
8        android:minSdkVersion="26"
9        android:targetSdkVersion="34" />
10
11    <!-- ================= Permissions ================= -->
12    <!-- Network -->
13    <uses-permission android:name="android.permission.INTERNET" />
13-->src\main\AndroidManifest.xml:7:5-67
13-->src\main\AndroidManifest.xml:7:22-64
14    <uses-permission android:name="android.permission.ACCESS_NETWORK_STATE" />
14-->src\main\AndroidManifest.xml:8:5-79
14-->src\main\AndroidManifest.xml:8:22-76
15
16    <!--
17         Location (for injecting phone GPS into MAVLink).
18         If you only need coarse location you can drop FINE.
19    -->
20    <uses-permission android:name="android.permission.ACCESS_FINE_LOCATION" />
20-->src\main\AndroidManifest.xml:12:5-79
20-->src\main\AndroidManifest.xml:12:22-76
21    <uses-permission android:name="android.permission.ACCESS_COARSE_LOCATION" />
21-->src\main\AndroidManifest.xml:13:5-81
21-->src\main\AndroidManifest.xml:13:22-78
22
23    <!-- Foreground service (data sync). Add location type if using GPS in foreground. -->
24    <uses-permission android:name="android.permission.FOREGROUND_SERVICE" />
24-->src\main\AndroidManifest.xml:16:5-77
24-->src\main\AndroidManifest.xml:16:22-74
25    <!--
26    For Android 10+ specific foreground types (data sync already used below).
27         Uncomment if you send location updates while in foreground:
28    <uses-permission android:name="android.permission.FOREGROUND_SERVICE_LOCATION" />
29    -->
30    <uses-permission android:name="android.permission.FOREGROUND_SERVICE_DATA_SYNC" />
30-->src\main\AndroidManifest.xml:21:5-87
30-->src\main\AndroidManifest.xml:21:22-84
31
32    <!-- Wake lock to keep CPU alive during critical routing operations -->
33    <uses-permission android:name="android.permission.WAKE_LOCK" />
33-->src\main\AndroidManifest.xml:24:5-68
33-->src\main\AndroidManifest.xml:24:22-65
34
35    <!-- Notifications (Android 13+) for foreground service visibility -->
36    <uses-permission android:name="android.permission.POST_NOTIFICATIONS" />
36-->src\main\AndroidManifest.xml:27:5-28:32
36-->src\main\AndroidManifest.xml:27:22-74
37
38    <!-- (No android.permission.USB_PERMISSION: access granted via device_filter + user dialog) -->
39
40
41    <!-- ================= Features ================= -->
42    <!-- USB Host (not strictly required on all devices; keep required=false for flexibility) -->
43    <uses-feature
43-->src\main\AndroidManifest.xml:34:5-36:36
44        android:name="android.hardware.usb.host"
44-->src\main\AndroidManifest.xml:35:9-49
45        android:required="false" />
45-->src\main\AndroidManifest.xml:36:9-33
46
47    <!-- GPS hardware (optional false lets app install on devices w/o GPS; set true if mandatory) -->
48    <uses-feature
48-->src\main\AndroidManifest.xml:39:5-41:36
49        android:name="android.hardware.location.gps"
49-->src\main\AndroidManifest.xml:40:9-53
50        android:required="false" />
50-->src\main\AndroidManifest.xml:41:9-33
51
52    <permission
52-->[androidx.core:core:1.13.1] AndroidManifest.xml:22:5-24:47
53        android:name="com.example.gateway.DYNAMIC_RECEIVER_NOT_EXPORTED_PERMISSION"
53-->[androidx.core:core:1.13.1] AndroidManifest.xml:23:9-81
54        android:protectionLevel="signature" />
54-->[androidx.core:core:1.13.1] AndroidManifest.xml:24:9-44
55
56    <uses-permission android:name="com.example.gateway.DYNAMIC_RECEIVER_NOT_EXPORTED_PERMISSION" /> <!-- ================= Application ================= -->
56-->[androidx.core:core:1.13.1] AndroidManifest.xml:26:5-97
56-->[androidx.core:core:1.13.1] AndroidManifest.xml:26:22-94
57    <application
57-->src\main\AndroidManifest.xml:44:5-106:19
58        android:name="com.example.gateway.RCBoatApplication"
58-->src\main\AndroidManifest.xml:45:9-42
59        android:allowBackup="true"
59-->src\main\AndroidManifest.xml:46:9-35
60        android:appComponentFactory="androidx.core.app.CoreComponentFactory"
60-->[androidx.core:core:1.13.1] AndroidManifest.xml:28:18-86
61        android:dataExtractionRules="@xml/data_extraction_rules"
61-->src\main\AndroidManifest.xml:47:9-65
62        android:debuggable="true"
63        android:extractNativeLibs="false"
64        android:fullBackupContent="@xml/backup_rules"
64-->src\main\AndroidManifest.xml:48:9-54
65        android:icon="@mipmap/ic_launcher"
65-->src\main\AndroidManifest.xml:49:9-43
66        android:label="@string/app_name"
66-->src\main\AndroidManifest.xml:50:9-41
67        android:roundIcon="@mipmap/ic_launcher_round"
67-->src\main\AndroidManifest.xml:51:9-54
68        android:supportsRtl="true"
68-->src\main\AndroidManifest.xml:52:9-35
69        android:testOnly="true"
70        android:theme="@style/Theme.RCBoatGateway"
70-->src\main\AndroidManifest.xml:53:9-51
71        android:usesCleartextTraffic="false" >
71-->src\main\AndroidManifest.xml:54:9-45
72
73        <!-- Main UI Activity (single declaration) -->
74        <activity
74-->src\main\AndroidManifest.xml:58:9-81:20
75            android:name="com.example.gateway.ui.MainActivity"
75-->src\main\AndroidManifest.xml:59:13-44
76            android:configChanges="keyboard|keyboardHidden|orientation|screenSize|uiMode"
76-->src\main\AndroidManifest.xml:62:13-90
77            android:exported="true"
77-->src\main\AndroidManifest.xml:60:13-36
78            android:launchMode="singleTop"
78-->src\main\AndroidManifest.xml:61:13-43
79            android:theme="@style/Theme.RCBoatGateway"
79-->src\main\AndroidManifest.xml:64:13-55
80            android:windowSoftInputMode="adjustResize" >
80-->src\main\AndroidManifest.xml:63:13-55
81
82            <!-- Launcher -->
83            <intent-filter>
83-->src\main\AndroidManifest.xml:67:13-70:29
84                <action android:name="android.intent.action.MAIN" />
84-->src\main\AndroidManifest.xml:68:17-69
84-->src\main\AndroidManifest.xml:68:25-66
85
86                <category android:name="android.intent.category.LAUNCHER" />
86-->src\main\AndroidManifest.xml:69:17-77
86-->src\main\AndroidManifest.xml:69:27-74
87            </intent-filter>
88
89            <!-- USB device attached (lets activity receive intent when a supported USB device is plugged in) -->
90            <intent-filter>
90-->src\main\AndroidManifest.xml:73:13-75:29
91                <action android:name="android.hardware.usb.action.USB_DEVICE_ATTACHED" />
91-->src\main\AndroidManifest.xml:74:17-90
91-->src\main\AndroidManifest.xml:74:25-87
92            </intent-filter>
93
94            <!-- Meta-data referencing XML device filter (defines vendor/product IDs) -->
95            <meta-data
95-->src\main\AndroidManifest.xml:78:13-80:57
96                android:name="android.hardware.usb.action.USB_DEVICE_ATTACHED"
96-->src\main\AndroidManifest.xml:79:17-79
97                android:resource="@xml/device_filter" />
97-->src\main\AndroidManifest.xml:80:17-54
98        </activity>
99
100        <!-- Foreground service for continuous MAVLink routing -->
101        <service
101-->src\main\AndroidManifest.xml:84:9-88:62
102            android:name="com.example.gateway.service.MavlinkService"
102-->src\main\AndroidManifest.xml:85:13-51
103            android:exported="false"
103-->src\main\AndroidManifest.xml:86:13-37
104            android:foregroundServiceType="dataSync" />
104-->src\main\AndroidManifest.xml:87:13-53
105        <!--
106             If you actively report live location in service, change to:
107             android:foregroundServiceType="dataSync|location"
108             AND ensure FOREGROUND_SERVICE_LOCATION permission is declared above.
109        -->
110
111
112        <!--
113        (Optional) If you need a BroadcastReceiver for USB instead of activity-based intent:
114        <receiver android:name=".usb.UsbAttachReceiver">
115            <intent-filter>
116                <action android:name="android.hardware.usb.action.USB_DEVICE_ATTACHED"/>
117            </intent-filter>
118            <meta-data
119                android:name="android.hardware.usb.action.USB_DEVICE_ATTACHED"
120                android:resource="@xml/device_filter" />
121        </receiver>
122        -->
123
124
125        <!-- (Optional) If using WorkManager or Hilt entry points, no extra manifest needed. -->
126
127        <provider
127-->[androidx.emoji2:emoji2:1.3.0] AndroidManifest.xml:24:9-32:20
128            android:name="androidx.startup.InitializationProvider"
128-->[androidx.emoji2:emoji2:1.3.0] AndroidManifest.xml:25:13-67
129            android:authorities="com.example.gateway.androidx-startup"
129-->[androidx.emoji2:emoji2:1.3.0] AndroidManifest.xml:26:13-68
130            android:exported="false" >
130-->[androidx.emoji2:emoji2:1.3.0] AndroidManifest.xml:27:13-37
131            <meta-data
131-->[androidx.emoji2:emoji2:1.3.0] AndroidManifest.xml:29:13-31:52
132                android:name="androidx.emoji2.text.EmojiCompatInitializer"
132-->[androidx.emoji2:emoji2:1.3.0] AndroidManifest.xml:30:17-75
133                android:value="androidx.startup" />
133-->[androidx.emoji2:emoji2:1.3.0] AndroidManifest.xml:31:17-49
134            <meta-data
134-->[androidx.lifecycle:lifecycle-process:2.6.2] AndroidManifest.xml:29:13-31:52
135                android:name="androidx.lifecycle.ProcessLifecycleInitializer"
135-->[androidx.lifecycle:lifecycle-process:2.6.2] AndroidManifest.xml:30:17-78
136                android:value="androidx.startup" />
136-->[androidx.lifecycle:lifecycle-process:2.6.2] AndroidManifest.xml:31:17-49
137            <meta-data
137-->[androidx.profileinstaller:profileinstaller:1.3.1] AndroidManifest.xml:29:13-31:52
138                android:name="androidx.profileinstaller.ProfileInstallerInitializer"
138-->[androidx.profileinstaller:profileinstaller:1.3.1] AndroidManifest.xml:30:17-85
139                android:value="androidx.startup" />
139-->[androidx.profileinstaller:profileinstaller:1.3.1] AndroidManifest.xml:31:17-49
140        </provider>
141
142        <receiver
142-->[androidx.profileinstaller:profileinstaller:1.3.1] AndroidManifest.xml:34:9-52:20
143            android:name="androidx.profileinstaller.ProfileInstallReceiver"
143-->[androidx.profileinstaller:profileinstaller:1.3.1] AndroidManifest.xml:35:13-76
144            android:directBootAware="false"
144-->[androidx.profileinstaller:profileinstaller:1.3.1] AndroidManifest.xml:36:13-44
145            android:enabled="true"
145-->[androidx.profileinstaller:profileinstaller:1.3.1] AndroidManifest.xml:37:13-35
146            android:exported="true"
146-->[androidx.profileinstaller:profileinstaller:1.3.1] AndroidManifest.xml:38:13-36
147            android:permission="android.permission.DUMP" >
147-->[androidx.profileinstaller:profileinstaller:1.3.1] AndroidManifest.xml:39:13-57
148            <intent-filter>
148-->[androidx.profileinstaller:profileinstaller:1.3.1] AndroidManifest.xml:40:13-42:29
149                <action android:name="androidx.profileinstaller.action.INSTALL_PROFILE" />
149-->[androidx.profileinstaller:profileinstaller:1.3.1] AndroidManifest.xml:41:17-91
149-->[androidx.profileinstaller:profileinstaller:1.3.1] AndroidManifest.xml:41:25-88
150            </intent-filter>
151            <intent-filter>
151-->[androidx.profileinstaller:profileinstaller:1.3.1] AndroidManifest.xml:43:13-45:29
152                <action android:name="androidx.profileinstaller.action.SKIP_FILE" />
152-->[androidx.profileinstaller:profileinstaller:1.3.1] AndroidManifest.xml:44:17-85
152-->[androidx.profileinstaller:profileinstaller:1.3.1] AndroidManifest.xml:44:25-82
153            </intent-filter>
154            <intent-filter>
154-->[androidx.profileinstaller:profileinstaller:1.3.1] AndroidManifest.xml:46:13-48:29
155                <action android:name="androidx.profileinstaller.action.SAVE_PROFILE" />
155-->[androidx.profileinstaller:profileinstaller:1.3.1] AndroidManifest.xml:47:17-88
155-->[androidx.profileinstaller:profileinstaller:1.3.1] AndroidManifest.xml:47:25-85
156            </intent-filter>
157            <intent-filter>
157-->[androidx.profileinstaller:profileinstaller:1.3.1] AndroidManifest.xml:49:13-51:29
158                <action android:name="androidx.profileinstaller.action.BENCHMARK_OPERATION" />
158-->[androidx.profileinstaller:profileinstaller:1.3.1] AndroidManifest.xml:50:17-95
158-->[androidx.profileinstaller:profileinstaller:1.3.1] AndroidManifest.xml:50:25-92
159            </intent-filter>
160        </receiver>
161    </application>
162
163</manifest>